<?xml version="1.0" encoding="UTF-8"?>
<testsuites>
  <testsuite name="/Users/vidarbrekke/Dev/CursorApps/wp-migrate/wp-migrate/phpunit.xml" tests="95" assertions="333" errors="0" failures="0" skipped="0" time="121.485697">
    <testsuite name="WP-Migrate Core Tests" tests="95" assertions="333" errors="0" failures="0" skipped="0" time="121.485697">
      <testsuite name="WpMigrate\Tests\Security\HmacAuthTest" file="/Users/vidarbrekke/Dev/CursorApps/wp-migrate/wp-migrate/tests/Security/HmacAuthTest.php" tests="18" assertions="46" errors="0" failures="0" skipped="0" time="0.005412">
        <testcase name="test_verify_request_success" file="/Users/vidarbrekke/Dev/CursorApps/wp-migrate/wp-migrate/tests/Security/HmacAuthTest.php" line="43" class="WpMigrate\Tests\Security\HmacAuthTest" classname="WpMigrate.Tests.Security.HmacAuthTest" assertions="6" time="0.002339"/>
        <testcase name="test_verify_request_missing_shared_key" file="/Users/vidarbrekke/Dev/CursorApps/wp-migrate/wp-migrate/tests/Security/HmacAuthTest.php" line="69" class="WpMigrate\Tests\Security\HmacAuthTest" classname="WpMigrate.Tests.Security.HmacAuthTest" assertions="3" time="0.000256"/>
        <testcase name="test_verify_request_missing_headers" file="/Users/vidarbrekke/Dev/CursorApps/wp-migrate/wp-migrate/tests/Security/HmacAuthTest.php" line="87" class="WpMigrate\Tests\Security\HmacAuthTest" classname="WpMigrate.Tests.Security.HmacAuthTest" assertions="3" time="0.000286"/>
        <testcase name="test_verify_request_timestamp_skew" file="/Users/vidarbrekke/Dev/CursorApps/wp-migrate/wp-migrate/tests/Security/HmacAuthTest.php" line="101" class="WpMigrate\Tests\Security\HmacAuthTest" classname="WpMigrate.Tests.Security.HmacAuthTest" assertions="2" time="0.000115"/>
        <testcase name="test_verify_request_future_timestamp" file="/Users/vidarbrekke/Dev/CursorApps/wp-migrate/wp-migrate/tests/Security/HmacAuthTest.php" line="124" class="WpMigrate\Tests\Security\HmacAuthTest" classname="WpMigrate.Tests.Security.HmacAuthTest" assertions="2" time="0.000096"/>
        <testcase name="test_verify_request_nonce_replay" file="/Users/vidarbrekke/Dev/CursorApps/wp-migrate/wp-migrate/tests/Security/HmacAuthTest.php" line="147" class="WpMigrate\Tests\Security\HmacAuthTest" classname="WpMigrate.Tests.Security.HmacAuthTest" assertions="3" time="0.000111"/>
        <testcase name="test_verify_request_invalid_signature" file="/Users/vidarbrekke/Dev/CursorApps/wp-migrate/wp-migrate/tests/Security/HmacAuthTest.php" line="166" class="WpMigrate\Tests\Security\HmacAuthTest" classname="WpMigrate.Tests.Security.HmacAuthTest" assertions="3" time="0.000102"/>
        <testcase name="test_verify_request_peer_mismatch" file="/Users/vidarbrekke/Dev/CursorApps/wp-migrate/wp-migrate/tests/Security/HmacAuthTest.php" line="183" class="WpMigrate\Tests\Security\HmacAuthTest" classname="WpMigrate.Tests.Security.HmacAuthTest" assertions="3" time="0.000094"/>
        <testcase name="test_verify_request_peer_normalization" file="/Users/vidarbrekke/Dev/CursorApps/wp-migrate/wp-migrate/tests/Security/HmacAuthTest.php" line="205" class="WpMigrate\Tests\Security\HmacAuthTest" classname="WpMigrate.Tests.Security.HmacAuthTest" assertions="1" time="0.000092"/>
        <testcase name="test_verify_request_tls_required" file="/Users/vidarbrekke/Dev/CursorApps/wp-migrate/wp-migrate/tests/Security/HmacAuthTest.php" line="225" class="WpMigrate\Tests\Security\HmacAuthTest" classname="WpMigrate.Tests.Security.HmacAuthTest" assertions="3" time="0.000088"/>
        <testcase name="test_verify_request_proxy_ssl_detection" file="/Users/vidarbrekke/Dev/CursorApps/wp-migrate/wp-migrate/tests/Security/HmacAuthTest.php" line="246" class="WpMigrate\Tests\Security\HmacAuthTest" classname="WpMigrate.Tests.Security.HmacAuthTest" assertions="1" time="0.000088"/>
        <testcase name="test_verify_request_different_methods" file="/Users/vidarbrekke/Dev/CursorApps/wp-migrate/wp-migrate/tests/Security/HmacAuthTest.php" line="265" class="WpMigrate\Tests\Security\HmacAuthTest" classname="WpMigrate.Tests.Security.HmacAuthTest" assertions="5" time="0.000156"/>
        <testcase name="test_verify_request_path_normalization" file="/Users/vidarbrekke/Dev/CursorApps/wp-migrate/wp-migrate/tests/Security/HmacAuthTest.php" line="287" class="WpMigrate\Tests\Security\HmacAuthTest" classname="WpMigrate.Tests.Security.HmacAuthTest" assertions="2" time="0.000097"/>
        <testcase name="test_verify_request_empty_body" file="/Users/vidarbrekke/Dev/CursorApps/wp-migrate/wp-migrate/tests/Security/HmacAuthTest.php" line="308" class="WpMigrate\Tests\Security\HmacAuthTest" classname="WpMigrate.Tests.Security.HmacAuthTest" assertions="1" time="0.000084"/>
        <testcase name="test_verify_request_large_body" file="/Users/vidarbrekke/Dev/CursorApps/wp-migrate/wp-migrate/tests/Security/HmacAuthTest.php" line="327" class="WpMigrate\Tests\Security\HmacAuthTest" classname="WpMigrate.Tests.Security.HmacAuthTest" assertions="1" time="0.001038"/>
        <testcase name="test_verify_request_concurrent_different_nonces" file="/Users/vidarbrekke/Dev/CursorApps/wp-migrate/wp-migrate/tests/Security/HmacAuthTest.php" line="347" class="WpMigrate\Tests\Security\HmacAuthTest" classname="WpMigrate.Tests.Security.HmacAuthTest" assertions="5" time="0.000199"/>
        <testcase name="test_verify_request_malformed_headers" file="/Users/vidarbrekke/Dev/CursorApps/wp-migrate/wp-migrate/tests/Security/HmacAuthTest.php" line="367" class="WpMigrate\Tests\Security\HmacAuthTest" classname="WpMigrate.Tests.Security.HmacAuthTest" assertions="1" time="0.000085"/>
        <testcase name="test_verify_request_header_case_insensitivity" file="/Users/vidarbrekke/Dev/CursorApps/wp-migrate/wp-migrate/tests/Security/HmacAuthTest.php" line="382" class="WpMigrate\Tests\Security\HmacAuthTest" classname="WpMigrate.Tests.Security.HmacAuthTest" assertions="1" time="0.000087"/>
      </testsuite>
      <testsuite name="WpMigrate\Tests\Files\ChunkStoreTest" file="/Users/vidarbrekke/Dev/CursorApps/wp-migrate/wp-migrate/tests/Files/ChunkStoreTest.php" tests="22" assertions="48" errors="0" failures="0" skipped="0" time="0.295716">
        <testcase name="test_get_job_dir_creates_directory" file="/Users/vidarbrekke/Dev/CursorApps/wp-migrate/wp-migrate/tests/Files/ChunkStoreTest.php" line="58" class="WpMigrate\Tests\Files\ChunkStoreTest" classname="WpMigrate.Tests.Files.ChunkStoreTest" assertions="2" time="0.000691"/>
        <testcase name="test_get_chunk_dir_creates_directory" file="/Users/vidarbrekke/Dev/CursorApps/wp-migrate/wp-migrate/tests/Files/ChunkStoreTest.php" line="69" class="WpMigrate\Tests\Files\ChunkStoreTest" classname="WpMigrate.Tests.Files.ChunkStoreTest" assertions="2" time="0.000348"/>
        <testcase name="test_chunk_path_generation" file="/Users/vidarbrekke/Dev/CursorApps/wp-migrate/wp-migrate/tests/Files/ChunkStoreTest.php" line="80" class="WpMigrate\Tests\Files\ChunkStoreTest" classname="WpMigrate.Tests.Files.ChunkStoreTest" assertions="3" time="0.000292"/>
        <testcase name="test_save_chunk_success" file="/Users/vidarbrekke/Dev/CursorApps/wp-migrate/wp-migrate/tests/Files/ChunkStoreTest.php" line="95" class="WpMigrate\Tests\Files\ChunkStoreTest" classname="WpMigrate.Tests.Files.ChunkStoreTest" assertions="2" time="0.000562"/>
        <testcase name="test_save_chunk_invalid_hash" file="/Users/vidarbrekke/Dev/CursorApps/wp-migrate/wp-migrate/tests/Files/ChunkStoreTest.php" line="117" class="WpMigrate\Tests\Files\ChunkStoreTest" classname="WpMigrate.Tests.Files.ChunkStoreTest" assertions="2" time="0.000380"/>
        <testcase name="test_save_chunk_size_limit" file="/Users/vidarbrekke/Dev/CursorApps/wp-migrate/wp-migrate/tests/Files/ChunkStoreTest.php" line="133" class="WpMigrate\Tests\Files\ChunkStoreTest" classname="WpMigrate.Tests.Files.ChunkStoreTest" assertions="2" time="0.280875"/>
        <testcase name="test_save_chunk_path_traversal_protection" file="/Users/vidarbrekke/Dev/CursorApps/wp-migrate/wp-migrate/tests/Files/ChunkStoreTest.php" line="149" class="WpMigrate\Tests\Files\ChunkStoreTest" classname="WpMigrate.Tests.Files.ChunkStoreTest" assertions="2" time="0.000334"/>
        <testcase name="test_save_chunk_job_id_path_traversal" file="/Users/vidarbrekke/Dev/CursorApps/wp-migrate/wp-migrate/tests/Files/ChunkStoreTest.php" line="165" class="WpMigrate\Tests\Files\ChunkStoreTest" classname="WpMigrate.Tests.Files.ChunkStoreTest" assertions="2" time="0.000251"/>
        <testcase name="test_list_present_empty" file="/Users/vidarbrekke/Dev/CursorApps/wp-migrate/wp-migrate/tests/Files/ChunkStoreTest.php" line="182" class="WpMigrate\Tests\Files\ChunkStoreTest" classname="WpMigrate.Tests.Files.ChunkStoreTest" assertions="2" time="0.000557"/>
        <testcase name="test_list_present_with_chunks" file="/Users/vidarbrekke/Dev/CursorApps/wp-migrate/wp-migrate/tests/Files/ChunkStoreTest.php" line="194" class="WpMigrate\Tests\Files\ChunkStoreTest" classname="WpMigrate.Tests.Files.ChunkStoreTest" assertions="1" time="0.000899"/>
        <testcase name="test_list_present_different_artifacts" file="/Users/vidarbrekke/Dev/CursorApps/wp-migrate/wp-migrate/tests/Files/ChunkStoreTest.php" line="214" class="WpMigrate\Tests\Files\ChunkStoreTest" classname="WpMigrate.Tests.Files.ChunkStoreTest" assertions="2" time="0.000672"/>
        <testcase name="test_list_present_chunk_ordering" file="/Users/vidarbrekke/Dev/CursorApps/wp-migrate/wp-migrate/tests/Files/ChunkStoreTest.php" line="236" class="WpMigrate\Tests\Files\ChunkStoreTest" classname="WpMigrate.Tests.Files.ChunkStoreTest" assertions="1" time="0.000751"/>
        <testcase name="test_filename_sanitization" file="/Users/vidarbrekke/Dev/CursorApps/wp-migrate/wp-migrate/tests/Files/ChunkStoreTest.php" line="257" class="WpMigrate\Tests\Files\ChunkStoreTest" classname="WpMigrate.Tests.Files.ChunkStoreTest" assertions="2" time="0.000195"/>
        <testcase name="test_safe_filename_sanitization" file="/Users/vidarbrekke/Dev/CursorApps/wp-migrate/wp-migrate/tests/Files/ChunkStoreTest.php" line="274" class="WpMigrate\Tests\Files\ChunkStoreTest" classname="WpMigrate.Tests.Files.ChunkStoreTest" assertions="4" time="0.000894"/>
        <testcase name="test_concurrent_chunk_operations" file="/Users/vidarbrekke/Dev/CursorApps/wp-migrate/wp-migrate/tests/Files/ChunkStoreTest.php" line="300" class="WpMigrate\Tests\Files\ChunkStoreTest" classname="WpMigrate.Tests.Files.ChunkStoreTest" assertions="2" time="0.001386"/>
        <testcase name="test_chunk_integrity" file="/Users/vidarbrekke/Dev/CursorApps/wp-migrate/wp-migrate/tests/Files/ChunkStoreTest.php" line="322" class="WpMigrate\Tests\Files\ChunkStoreTest" classname="WpMigrate.Tests.Files.ChunkStoreTest" assertions="2" time="0.000420"/>
        <testcase name="test_large_chunk_handling" file="/Users/vidarbrekke/Dev/CursorApps/wp-migrate/wp-migrate/tests/Files/ChunkStoreTest.php" line="344" class="WpMigrate\Tests\Files\ChunkStoreTest" classname="WpMigrate.Tests.Files.ChunkStoreTest" assertions="2" time="0.003509"/>
        <testcase name="test_binary_content_handling" file="/Users/vidarbrekke/Dev/CursorApps/wp-migrate/wp-migrate/tests/Files/ChunkStoreTest.php" line="365" class="WpMigrate\Tests\Files\ChunkStoreTest" classname="WpMigrate.Tests.Files.ChunkStoreTest" assertions="1" time="0.000628"/>
        <testcase name="test_empty_chunk_handling" file="/Users/vidarbrekke/Dev/CursorApps/wp-migrate/wp-migrate/tests/Files/ChunkStoreTest.php" line="384" class="WpMigrate\Tests\Files\ChunkStoreTest" classname="WpMigrate.Tests.Files.ChunkStoreTest" assertions="1" time="0.000515"/>
        <testcase name="test_directory_permission_handling" file="/Users/vidarbrekke/Dev/CursorApps/wp-migrate/wp-migrate/tests/Files/ChunkStoreTest.php" line="403" class="WpMigrate\Tests\Files\ChunkStoreTest" classname="WpMigrate.Tests.Files.ChunkStoreTest" assertions="4" time="0.000415"/>
        <testcase name="test_chunk_path_uniqueness" file="/Users/vidarbrekke/Dev/CursorApps/wp-migrate/wp-migrate/tests/Files/ChunkStoreTest.php" line="422" class="WpMigrate\Tests\Files\ChunkStoreTest" classname="WpMigrate.Tests.Files.ChunkStoreTest" assertions="3" time="0.000420"/>
        <testcase name="test_chunk_cleanup_simulation" file="/Users/vidarbrekke/Dev/CursorApps/wp-migrate/wp-migrate/tests/Files/ChunkStoreTest.php" line="439" class="WpMigrate\Tests\Files\ChunkStoreTest" classname="WpMigrate.Tests.Files.ChunkStoreTest" assertions="4" time="0.000722"/>
      </testsuite>
      <testsuite name="WpMigrate\Tests\Migration\DatabaseEngineTest" file="/Users/vidarbrekke/Dev/CursorApps/wp-migrate/wp-migrate/tests/Migration/DatabaseEngineTest.php" tests="13" assertions="47" errors="0" failures="0" skipped="0" time="0.005400">
        <testcase name="test_export_database_success" file="/Users/vidarbrekke/Dev/CursorApps/wp-migrate/wp-migrate/tests/Migration/DatabaseEngineTest.php" line="77" class="WpMigrate\Tests\Migration\DatabaseEngineTest" classname="WpMigrate.Tests.Migration.DatabaseEngineTest" assertions="2" time="0.003360"/>
        <testcase name="test_export_database_failure" file="/Users/vidarbrekke/Dev/CursorApps/wp-migrate/wp-migrate/tests/Migration/DatabaseEngineTest.php" line="96" class="WpMigrate\Tests\Migration\DatabaseEngineTest" classname="WpMigrate.Tests.Migration.DatabaseEngineTest" assertions="4" time="0.000377"/>
        <testcase name="test_import_database_success" file="/Users/vidarbrekke/Dev/CursorApps/wp-migrate/wp-migrate/tests/Migration/DatabaseEngineTest.php" line="117" class="WpMigrate\Tests\Migration\DatabaseEngineTest" classname="WpMigrate.Tests.Migration.DatabaseEngineTest" assertions="4" time="0.000207"/>
        <testcase name="test_import_database_failure" file="/Users/vidarbrekke/Dev/CursorApps/wp-migrate/wp-migrate/tests/Migration/DatabaseEngineTest.php" line="141" class="WpMigrate\Tests\Migration\DatabaseEngineTest" classname="WpMigrate.Tests.Migration.DatabaseEngineTest" assertions="3" time="0.000141"/>
        <testcase name="test_search_replace_urls_success" file="/Users/vidarbrekke/Dev/CursorApps/wp-migrate/wp-migrate/tests/Migration/DatabaseEngineTest.php" line="161" class="WpMigrate\Tests\Migration\DatabaseEngineTest" classname="WpMigrate.Tests.Migration.DatabaseEngineTest" assertions="4" time="0.000140"/>
        <testcase name="test_search_replace_urls_failure" file="/Users/vidarbrekke/Dev/CursorApps/wp-migrate/wp-migrate/tests/Migration/DatabaseEngineTest.php" line="191" class="WpMigrate\Tests\Migration\DatabaseEngineTest" classname="WpMigrate.Tests.Migration.DatabaseEngineTest" assertions="3" time="0.000143"/>
        <testcase name="test_default_artifact_names" file="/Users/vidarbrekke/Dev/CursorApps/wp-migrate/wp-migrate/tests/Migration/DatabaseEngineTest.php" line="219" class="WpMigrate\Tests\Migration\DatabaseEngineTest" classname="WpMigrate.Tests.Migration.DatabaseEngineTest" assertions="2" time="0.000110"/>
        <testcase name="test_method_delegation" file="/Users/vidarbrekke/Dev/CursorApps/wp-migrate/wp-migrate/tests/Migration/DatabaseEngineTest.php" line="237" class="WpMigrate\Tests\Migration\DatabaseEngineTest" classname="WpMigrate.Tests.Migration.DatabaseEngineTest" assertions="3" time="0.000167"/>
        <testcase name="test_constructor_dependency_injection" file="/Users/vidarbrekke/Dev/CursorApps/wp-migrate/wp-migrate/tests/Migration/DatabaseEngineTest.php" line="267" class="WpMigrate\Tests\Migration\DatabaseEngineTest" classname="WpMigrate.Tests.Migration.DatabaseEngineTest" assertions="4" time="0.000220"/>
        <testcase name="test_error_propagation" file="/Users/vidarbrekke/Dev/CursorApps/wp-migrate/wp-migrate/tests/Migration/DatabaseEngineTest.php" line="296" class="WpMigrate\Tests\Migration\DatabaseEngineTest" classname="WpMigrate.Tests.Migration.DatabaseEngineTest" assertions="6" time="0.000127"/>
        <testcase name="test_job_id_consistency" file="/Users/vidarbrekke/Dev/CursorApps/wp-migrate/wp-migrate/tests/Migration/DatabaseEngineTest.php" line="331" class="WpMigrate\Tests\Migration\DatabaseEngineTest" classname="WpMigrate.Tests.Migration.DatabaseEngineTest" assertions="3" time="0.000121"/>
        <testcase name="test_mixed_operation_scenarios" file="/Users/vidarbrekke/Dev/CursorApps/wp-migrate/wp-migrate/tests/Migration/DatabaseEngineTest.php" line="363" class="WpMigrate\Tests\Migration\DatabaseEngineTest" classname="WpMigrate.Tests.Migration.DatabaseEngineTest" assertions="6" time="0.000123"/>
        <testcase name="test_operation_isolation" file="/Users/vidarbrekke/Dev/CursorApps/wp-migrate/wp-migrate/tests/Migration/DatabaseEngineTest.php" line="394" class="WpMigrate\Tests\Migration\DatabaseEngineTest" classname="WpMigrate.Tests.Migration.DatabaseEngineTest" assertions="3" time="0.000163"/>
      </testsuite>
      <testsuite name="WpMigrate\Tests\Migration\ErrorRecoveryTest" file="/Users/vidarbrekke/Dev/CursorApps/wp-migrate/wp-migrate/tests/Migration/ErrorRecoveryTest.php" tests="17" assertions="27" errors="0" failures="0" skipped="0" time="121.017405">
        <testcase name="testIsRecoverableErrorDetectsTimeoutErrors" file="/Users/vidarbrekke/Dev/CursorApps/wp-migrate/wp-migrate/tests/Migration/ErrorRecoveryTest.php" line="15" class="WpMigrate\Tests\Migration\ErrorRecoveryTest" classname="WpMigrate.Tests.Migration.ErrorRecoveryTest" assertions="1" time="0.000263"/>
        <testcase name="testIsRecoverableErrorDetectsConnectionErrors" file="/Users/vidarbrekke/Dev/CursorApps/wp-migrate/wp-migrate/tests/Migration/ErrorRecoveryTest.php" line="22" class="WpMigrate\Tests\Migration\ErrorRecoveryTest" classname="WpMigrate.Tests.Migration.ErrorRecoveryTest" assertions="1" time="0.000073"/>
        <testcase name="testIsRecoverableErrorDetectsNetworkErrors" file="/Users/vidarbrekke/Dev/CursorApps/wp-migrate/wp-migrate/tests/Migration/ErrorRecoveryTest.php" line="29" class="WpMigrate\Tests\Migration\ErrorRecoveryTest" classname="WpMigrate.Tests.Migration.ErrorRecoveryTest" assertions="1" time="0.000069"/>
        <testcase name="testIsRecoverableErrorDetectsHttpTimeout" file="/Users/vidarbrekke/Dev/CursorApps/wp-migrate/wp-migrate/tests/Migration/ErrorRecoveryTest.php" line="36" class="WpMigrate\Tests\Migration\ErrorRecoveryTest" classname="WpMigrate.Tests.Migration.ErrorRecoveryTest" assertions="1" time="0.000072"/>
        <testcase name="testIsRecoverableErrorDetectsServerErrors" file="/Users/vidarbrekke/Dev/CursorApps/wp-migrate/wp-migrate/tests/Migration/ErrorRecoveryTest.php" line="43" class="WpMigrate\Tests\Migration\ErrorRecoveryTest" classname="WpMigrate.Tests.Migration.ErrorRecoveryTest" assertions="1" time="0.000066"/>
        <testcase name="testIsRecoverableErrorDetectsDatabaseDeadlock" file="/Users/vidarbrekke/Dev/CursorApps/wp-migrate/wp-migrate/tests/Migration/ErrorRecoveryTest.php" line="50" class="WpMigrate\Tests\Migration\ErrorRecoveryTest" classname="WpMigrate.Tests.Migration.ErrorRecoveryTest" assertions="1" time="0.000065"/>
        <testcase name="testIsRecoverableErrorRejectsNonRecoverableErrors" file="/Users/vidarbrekke/Dev/CursorApps/wp-migrate/wp-migrate/tests/Migration/ErrorRecoveryTest.php" line="57" class="WpMigrate\Tests\Migration\ErrorRecoveryTest" classname="WpMigrate.Tests.Migration.ErrorRecoveryTest" assertions="1" time="0.000069"/>
        <testcase name="testIsRecoverableErrorRejectsSyntaxErrors" file="/Users/vidarbrekke/Dev/CursorApps/wp-migrate/wp-migrate/tests/Migration/ErrorRecoveryTest.php" line="64" class="WpMigrate\Tests\Migration\ErrorRecoveryTest" classname="WpMigrate.Tests.Migration.ErrorRecoveryTest" assertions="1" time="0.000064"/>
        <testcase name="testCalculateBackoffDelayIncreasesWithAttempts" file="/Users/vidarbrekke/Dev/CursorApps/wp-migrate/wp-migrate/tests/Migration/ErrorRecoveryTest.php" line="71" class="WpMigrate\Tests\Migration\ErrorRecoveryTest" classname="WpMigrate.Tests.Migration.ErrorRecoveryTest" assertions="2" time="0.000448"/>
        <testcase name="testCalculateBackoffDelayRespectsMaximum" file="/Users/vidarbrekke/Dev/CursorApps/wp-migrate/wp-migrate/tests/Migration/ErrorRecoveryTest.php" line="84" class="WpMigrate\Tests\Migration\ErrorRecoveryTest" classname="WpMigrate.Tests.Migration.ErrorRecoveryTest" assertions="2" time="0.000609"/>
        <testcase name="testExecuteWithRetrySucceedsOnFirstAttempt" file="/Users/vidarbrekke/Dev/CursorApps/wp-migrate/wp-migrate/tests/Migration/ErrorRecoveryTest.php" line="95" class="WpMigrate\Tests\Migration\ErrorRecoveryTest" classname="WpMigrate.Tests.Migration.ErrorRecoveryTest" assertions="2" time="0.000580"/>
        <testcase name="testExecuteWithRetryRetriesRecoverableErrors" file="/Users/vidarbrekke/Dev/CursorApps/wp-migrate/wp-migrate/tests/Migration/ErrorRecoveryTest.php" line="108" class="WpMigrate\Tests\Migration\ErrorRecoveryTest" classname="WpMigrate.Tests.Migration.ErrorRecoveryTest" assertions="2" time="31.003671"/>
        <testcase name="testExecuteWithRetryFailsAfterMaxRetries" file="/Users/vidarbrekke/Dev/CursorApps/wp-migrate/wp-migrate/tests/Migration/ErrorRecoveryTest.php" line="124" class="WpMigrate\Tests\Migration\ErrorRecoveryTest" classname="WpMigrate.Tests.Migration.ErrorRecoveryTest" assertions="3" time="90.010148"/>
        <testcase name="testExecuteWithRetryDoesNotRetryNonRecoverableErrors" file="/Users/vidarbrekke/Dev/CursorApps/wp-migrate/wp-migrate/tests/Migration/ErrorRecoveryTest.php" line="142" class="WpMigrate\Tests\Migration\ErrorRecoveryTest" classname="WpMigrate.Tests.Migration.ErrorRecoveryTest" assertions="3" time="0.000667"/>
        <testcase name="testShouldRetryJobWithMostlyRecoverableErrors" file="/Users/vidarbrekke/Dev/CursorApps/wp-migrate/wp-migrate/tests/Migration/ErrorRecoveryTest.php" line="160" class="WpMigrate\Tests\Migration\ErrorRecoveryTest" classname="WpMigrate.Tests.Migration.ErrorRecoveryTest" assertions="1" time="0.000159"/>
        <testcase name="testShouldNotRetryJobWithMostlyNonRecoverableErrors" file="/Users/vidarbrekke/Dev/CursorApps/wp-migrate/wp-migrate/tests/Migration/ErrorRecoveryTest.php" line="177" class="WpMigrate\Tests\Migration\ErrorRecoveryTest" classname="WpMigrate.Tests.Migration.ErrorRecoveryTest" assertions="1" time="0.000117"/>
        <testcase name="testScheduleRetryReturnsPositiveDelay" file="/Users/vidarbrekke/Dev/CursorApps/wp-migrate/wp-migrate/tests/Migration/ErrorRecoveryTest.php" line="194" class="WpMigrate\Tests\Migration\ErrorRecoveryTest" classname="WpMigrate.Tests.Migration.ErrorRecoveryTest" assertions="3" time="0.000266"/>
      </testsuite>
      <testsuite name="WpMigrate\Tests\Migration\MigrationWorkflowTest" file="/Users/vidarbrekke/Dev/CursorApps/wp-migrate/wp-migrate/tests/Migration/MigrationWorkflowTest.php" tests="6" assertions="55" errors="0" failures="0" skipped="0" time="0.004579">
        <testcase name="test_complete_migration_workflow" file="/Users/vidarbrekke/Dev/CursorApps/wp-migrate/wp-migrate/tests/Migration/MigrationWorkflowTest.php" line="39" class="WpMigrate\Tests\Migration\MigrationWorkflowTest" classname="WpMigrate.Tests.Migration.MigrationWorkflowTest" assertions="28" time="0.002215"/>
        <testcase name="test_workflow_with_error_recovery" file="/Users/vidarbrekke/Dev/CursorApps/wp-migrate/wp-migrate/tests/Migration/MigrationWorkflowTest.php" line="136" class="WpMigrate\Tests\Migration\MigrationWorkflowTest" classname="WpMigrate.Tests.Migration.MigrationWorkflowTest" assertions="7" time="0.000625"/>
        <testcase name="test_invalid_state_transitions_rejected" file="/Users/vidarbrekke/Dev/CursorApps/wp-migrate/wp-migrate/tests/Migration/MigrationWorkflowTest.php" line="192" class="WpMigrate\Tests\Migration\MigrationWorkflowTest" classname="WpMigrate.Tests.Migration.MigrationWorkflowTest" assertions="2" time="0.000249"/>
        <testcase name="test_rollback_validation" file="/Users/vidarbrekke/Dev/CursorApps/wp-migrate/wp-migrate/tests/Migration/MigrationWorkflowTest.php" line="207" class="WpMigrate\Tests\Migration\MigrationWorkflowTest" classname="WpMigrate.Tests.Migration.MigrationWorkflowTest" assertions="10" time="0.000173"/>
        <testcase name="test_progress_calculation" file="/Users/vidarbrekke/Dev/CursorApps/wp-migrate/wp-migrate/tests/Migration/MigrationWorkflowTest.php" line="233" class="WpMigrate\Tests\Migration\MigrationWorkflowTest" classname="WpMigrate.Tests.Migration.MigrationWorkflowTest" assertions="2" time="0.000810"/>
        <testcase name="test_metadata_accumulation" file="/Users/vidarbrekke/Dev/CursorApps/wp-migrate/wp-migrate/tests/Migration/MigrationWorkflowTest.php" line="260" class="WpMigrate\Tests\Migration\MigrationWorkflowTest" classname="WpMigrate.Tests.Migration.MigrationWorkflowTest" assertions="6" time="0.000507"/>
      </testsuite>
      <testsuite name="WpMigrate\Tests\Rest\ApiTest" file="/Users/vidarbrekke/Dev/CursorApps/wp-migrate/wp-migrate/tests/Rest/ApiTest.php" tests="19" assertions="110" errors="0" failures="0" skipped="0" time="0.157185">
        <testcase name="test_handshake_success" file="/Users/vidarbrekke/Dev/CursorApps/wp-migrate/wp-migrate/tests/Rest/ApiTest.php" line="100" class="WpMigrate\Tests\Rest\ApiTest" classname="WpMigrate.Tests.Rest.ApiTest" assertions="6" time="0.019259"/>
        <testcase name="test_handshake_authentication_failure" file="/Users/vidarbrekke/Dev/CursorApps/wp-migrate/wp-migrate/tests/Rest/ApiTest.php" line="128" class="WpMigrate\Tests\Rest\ApiTest" classname="WpMigrate.Tests.Rest.ApiTest" assertions="5" time="0.000219"/>
        <testcase name="test_db_export_success" file="/Users/vidarbrekke/Dev/CursorApps/wp-migrate/wp-migrate/tests/Rest/ApiTest.php" line="151" class="WpMigrate\Tests\Rest\ApiTest" classname="WpMigrate.Tests.Rest.ApiTest" assertions="7" time="0.000495"/>
        <testcase name="test_db_export_failure" file="/Users/vidarbrekke/Dev/CursorApps/wp-migrate/wp-migrate/tests/Rest/ApiTest.php" line="188" class="WpMigrate\Tests\Rest\ApiTest" classname="WpMigrate.Tests.Rest.ApiTest" assertions="7" time="0.000196"/>
        <testcase name="test_db_export_missing_job_id" file="/Users/vidarbrekke/Dev/CursorApps/wp-migrate/wp-migrate/tests/Rest/ApiTest.php" line="220" class="WpMigrate\Tests\Rest\ApiTest" classname="WpMigrate.Tests.Rest.ApiTest" assertions="6" time="0.000181"/>
        <testcase name="test_command_db_import_success" file="/Users/vidarbrekke/Dev/CursorApps/wp-migrate/wp-migrate/tests/Rest/ApiTest.php" line="246" class="WpMigrate\Tests\Rest\ApiTest" classname="WpMigrate.Tests.Rest.ApiTest" assertions="7" time="0.000611"/>
        <testcase name="test_command_search_replace_success" file="/Users/vidarbrekke/Dev/CursorApps/wp-migrate/wp-migrate/tests/Rest/ApiTest.php" line="283" class="WpMigrate\Tests\Rest\ApiTest" classname="WpMigrate.Tests.Rest.ApiTest" assertions="7" time="0.000545"/>
        <testcase name="test_command_finalize_success" file="/Users/vidarbrekke/Dev/CursorApps/wp-migrate/wp-migrate/tests/Rest/ApiTest.php" line="327" class="WpMigrate\Tests\Rest\ApiTest" classname="WpMigrate.Tests.Rest.ApiTest" assertions="6" time="0.002685"/>
        <testcase name="test_command_unknown_action" file="/Users/vidarbrekke/Dev/CursorApps/wp-migrate/wp-migrate/tests/Rest/ApiTest.php" line="371" class="WpMigrate\Tests\Rest\ApiTest" classname="WpMigrate.Tests.Rest.ApiTest" assertions="6" time="0.000330"/>
        <testcase name="test_chunk_upload_success" file="/Users/vidarbrekke/Dev/CursorApps/wp-migrate/wp-migrate/tests/Rest/ApiTest.php" line="399" class="WpMigrate\Tests\Rest\ApiTest" classname="WpMigrate.Tests.Rest.ApiTest" assertions="6" time="0.000259"/>
        <testcase name="test_chunk_listing" file="/Users/vidarbrekke/Dev/CursorApps/wp-migrate/wp-migrate/tests/Rest/ApiTest.php" line="436" class="WpMigrate\Tests\Rest\ApiTest" classname="WpMigrate.Tests.Rest.ApiTest" assertions="6" time="0.000220"/>
        <testcase name="test_progress_endpoint" file="/Users/vidarbrekke/Dev/CursorApps/wp-migrate/wp-migrate/tests/Rest/ApiTest.php" line="469" class="WpMigrate\Tests\Rest\ApiTest" classname="WpMigrate.Tests.Rest.ApiTest" assertions="6" time="0.000200"/>
        <testcase name="test_logs_tail_endpoint" file="/Users/vidarbrekke/Dev/CursorApps/wp-migrate/wp-migrate/tests/Rest/ApiTest.php" line="496" class="WpMigrate\Tests\Rest\ApiTest" classname="WpMigrate.Tests.Rest.ApiTest" assertions="4" time="0.000178"/>
        <testcase name="test_authentication_wrapper_error_handling" file="/Users/vidarbrekke/Dev/CursorApps/wp-migrate/wp-migrate/tests/Rest/ApiTest.php" line="522" class="WpMigrate\Tests\Rest\ApiTest" classname="WpMigrate.Tests.Rest.ApiTest" assertions="6" time="0.000165"/>
        <testcase name="test_different_http_methods" file="/Users/vidarbrekke/Dev/CursorApps/wp-migrate/wp-migrate/tests/Rest/ApiTest.php" line="546" class="WpMigrate\Tests\Rest\ApiTest" classname="WpMigrate.Tests.Rest.ApiTest" assertions="5" time="0.055461"/>
        <testcase name="test_concurrent_requests" file="/Users/vidarbrekke/Dev/CursorApps/wp-migrate/wp-migrate/tests/Rest/ApiTest.php" line="571" class="WpMigrate\Tests\Rest\ApiTest" classname="WpMigrate.Tests.Rest.ApiTest" assertions="10" time="0.062900"/>
        <testcase name="test_malformed_json_handling" file="/Users/vidarbrekke/Dev/CursorApps/wp-migrate/wp-migrate/tests/Rest/ApiTest.php" line="599" class="WpMigrate\Tests\Rest\ApiTest" classname="WpMigrate.Tests.Rest.ApiTest" assertions="2" time="0.000318"/>
        <testcase name="test_large_request_body" file="/Users/vidarbrekke/Dev/CursorApps/wp-migrate/wp-migrate/tests/Rest/ApiTest.php" line="620" class="WpMigrate\Tests\Rest\ApiTest" classname="WpMigrate.Tests.Rest.ApiTest" assertions="3" time="0.012772"/>
        <testcase name="test_rate_limiting_simulation" file="/Users/vidarbrekke/Dev/CursorApps/wp-migrate/wp-migrate/tests/Rest/ApiTest.php" line="641" class="WpMigrate\Tests\Rest\ApiTest" classname="WpMigrate.Tests.Rest.ApiTest" assertions="5" time="0.000190"/>
      </testsuite>
    </testsuite>
  </testsuite>
</testsuites>
