<?xml version="1.0" encoding="UTF-8"?>
<testsuites>
  <testsuite name="WpMigrate\Tests\Security\HmacAuthTest" file="/Users/vidarbrekke/Dev/CursorApps/wp-migrate/wp-migrate/tests/Security/HmacAuthTest.php" tests="18" assertions="46" errors="0" failures="0" skipped="0" time="0.009161">
    <testcase name="test_verify_request_success" file="/Users/vidarbrekke/Dev/CursorApps/wp-migrate/wp-migrate/tests/Security/HmacAuthTest.php" line="43" class="WpMigrate\Tests\Security\HmacAuthTest" classname="WpMigrate.Tests.Security.HmacAuthTest" assertions="6" time="0.005716"/>
    <testcase name="test_verify_request_missing_shared_key" file="/Users/vidarbrekke/Dev/CursorApps/wp-migrate/wp-migrate/tests/Security/HmacAuthTest.php" line="69" class="WpMigrate\Tests\Security\HmacAuthTest" classname="WpMigrate.Tests.Security.HmacAuthTest" assertions="3" time="0.000319"/>
    <testcase name="test_verify_request_missing_headers" file="/Users/vidarbrekke/Dev/CursorApps/wp-migrate/wp-migrate/tests/Security/HmacAuthTest.php" line="87" class="WpMigrate\Tests\Security\HmacAuthTest" classname="WpMigrate.Tests.Security.HmacAuthTest" assertions="3" time="0.000775"/>
    <testcase name="test_verify_request_timestamp_skew" file="/Users/vidarbrekke/Dev/CursorApps/wp-migrate/wp-migrate/tests/Security/HmacAuthTest.php" line="101" class="WpMigrate\Tests\Security\HmacAuthTest" classname="WpMigrate.Tests.Security.HmacAuthTest" assertions="2" time="0.000127"/>
    <testcase name="test_verify_request_future_timestamp" file="/Users/vidarbrekke/Dev/CursorApps/wp-migrate/wp-migrate/tests/Security/HmacAuthTest.php" line="124" class="WpMigrate\Tests\Security\HmacAuthTest" classname="WpMigrate.Tests.Security.HmacAuthTest" assertions="2" time="0.000092"/>
    <testcase name="test_verify_request_nonce_replay" file="/Users/vidarbrekke/Dev/CursorApps/wp-migrate/wp-migrate/tests/Security/HmacAuthTest.php" line="147" class="WpMigrate\Tests\Security\HmacAuthTest" classname="WpMigrate.Tests.Security.HmacAuthTest" assertions="3" time="0.000119"/>
    <testcase name="test_verify_request_invalid_signature" file="/Users/vidarbrekke/Dev/CursorApps/wp-migrate/wp-migrate/tests/Security/HmacAuthTest.php" line="166" class="WpMigrate\Tests\Security\HmacAuthTest" classname="WpMigrate.Tests.Security.HmacAuthTest" assertions="3" time="0.000092"/>
    <testcase name="test_verify_request_peer_mismatch" file="/Users/vidarbrekke/Dev/CursorApps/wp-migrate/wp-migrate/tests/Security/HmacAuthTest.php" line="183" class="WpMigrate\Tests\Security\HmacAuthTest" classname="WpMigrate.Tests.Security.HmacAuthTest" assertions="3" time="0.000085"/>
    <testcase name="test_verify_request_peer_normalization" file="/Users/vidarbrekke/Dev/CursorApps/wp-migrate/wp-migrate/tests/Security/HmacAuthTest.php" line="205" class="WpMigrate\Tests\Security\HmacAuthTest" classname="WpMigrate.Tests.Security.HmacAuthTest" assertions="1" time="0.000089"/>
    <testcase name="test_verify_request_tls_required" file="/Users/vidarbrekke/Dev/CursorApps/wp-migrate/wp-migrate/tests/Security/HmacAuthTest.php" line="225" class="WpMigrate\Tests\Security\HmacAuthTest" classname="WpMigrate.Tests.Security.HmacAuthTest" assertions="3" time="0.000085"/>
    <testcase name="test_verify_request_proxy_ssl_detection" file="/Users/vidarbrekke/Dev/CursorApps/wp-migrate/wp-migrate/tests/Security/HmacAuthTest.php" line="246" class="WpMigrate\Tests\Security\HmacAuthTest" classname="WpMigrate.Tests.Security.HmacAuthTest" assertions="1" time="0.000091"/>
    <testcase name="test_verify_request_different_methods" file="/Users/vidarbrekke/Dev/CursorApps/wp-migrate/wp-migrate/tests/Security/HmacAuthTest.php" line="265" class="WpMigrate\Tests\Security\HmacAuthTest" classname="WpMigrate.Tests.Security.HmacAuthTest" assertions="5" time="0.000151"/>
    <testcase name="test_verify_request_path_normalization" file="/Users/vidarbrekke/Dev/CursorApps/wp-migrate/wp-migrate/tests/Security/HmacAuthTest.php" line="287" class="WpMigrate\Tests\Security\HmacAuthTest" classname="WpMigrate.Tests.Security.HmacAuthTest" assertions="2" time="0.000092"/>
    <testcase name="test_verify_request_empty_body" file="/Users/vidarbrekke/Dev/CursorApps/wp-migrate/wp-migrate/tests/Security/HmacAuthTest.php" line="308" class="WpMigrate\Tests\Security\HmacAuthTest" classname="WpMigrate.Tests.Security.HmacAuthTest" assertions="1" time="0.000081"/>
    <testcase name="test_verify_request_large_body" file="/Users/vidarbrekke/Dev/CursorApps/wp-migrate/wp-migrate/tests/Security/HmacAuthTest.php" line="327" class="WpMigrate\Tests\Security\HmacAuthTest" classname="WpMigrate.Tests.Security.HmacAuthTest" assertions="1" time="0.000932"/>
    <testcase name="test_verify_request_concurrent_different_nonces" file="/Users/vidarbrekke/Dev/CursorApps/wp-migrate/wp-migrate/tests/Security/HmacAuthTest.php" line="347" class="WpMigrate\Tests\Security\HmacAuthTest" classname="WpMigrate.Tests.Security.HmacAuthTest" assertions="5" time="0.000146"/>
    <testcase name="test_verify_request_malformed_headers" file="/Users/vidarbrekke/Dev/CursorApps/wp-migrate/wp-migrate/tests/Security/HmacAuthTest.php" line="367" class="WpMigrate\Tests\Security\HmacAuthTest" classname="WpMigrate.Tests.Security.HmacAuthTest" assertions="1" time="0.000081"/>
    <testcase name="test_verify_request_header_case_insensitivity" file="/Users/vidarbrekke/Dev/CursorApps/wp-migrate/wp-migrate/tests/Security/HmacAuthTest.php" line="382" class="WpMigrate\Tests\Security\HmacAuthTest" classname="WpMigrate.Tests.Security.HmacAuthTest" assertions="1" time="0.000086"/>
  </testsuite>
</testsuites>
